{
  "RSpec": {
    "coverage": {
      "/Users/megroth/Turing/2mod/Projects/Relational_Rails/config/environment.rb": {
        "lines": [
          null,
          1,
          null,
          null,
          1
        ]
      },
      "/Users/megroth/Turing/2mod/Projects/Relational_Rails/config/application.rb": {
        "lines": [
          1,
          null,
          1,
          null,
          1,
          1,
          1,
          1,
          1,
          1,
          1,
          1,
          1,
          1,
          null,
          null,
          null,
          null,
          1,
          null,
          1,
          1,
          null,
          1,
          null,
          null,
          null,
          null,
          null,
          null,
          null,
          null,
          null,
          null,
          1,
          null,
          null
        ]
      },
      "/Users/megroth/Turing/2mod/Projects/Relational_Rails/config/boot.rb": {
        "lines": [
          1,
          null,
          1,
          1
        ]
      },
      "/Users/megroth/Turing/2mod/Projects/Relational_Rails/config/environments/test.rb": {
        "lines": [
          1,
          null,
          null,
          null,
          null,
          null,
          null,
          1,
          null,
          null,
          null,
          1,
          null,
          null,
          null,
          null,
          1,
          null,
          null,
          1,
          1,
          null,
          null,
          null,
          null,
          1,
          1,
          1,
          null,
          null,
          1,
          null,
          null,
          1,
          null,
          null,
          1,
          null,
          1,
          null,
          null,
          null,
          null,
          1,
          null,
          null,
          1,
          null,
          null,
          1,
          null,
          null,
          1,
          null,
          null,
          null,
          null,
          null,
          null,
          null
        ]
      },
      "/Users/megroth/Turing/2mod/Projects/Relational_Rails/config/initializers/assets.rb": {
        "lines": [
          null,
          null,
          null,
          1,
          null,
          null,
          null,
          null,
          null,
          null,
          null,
          null
        ]
      },
      "/Users/megroth/Turing/2mod/Projects/Relational_Rails/config/initializers/content_security_policy.rb": {
        "lines": [
          null,
          null,
          null,
          null,
          null,
          null,
          null,
          null,
          null,
          null,
          null,
          null,
          null,
          null,
          null,
          null,
          null,
          null,
          null,
          null,
          null,
          null,
          null,
          null,
          null
        ]
      },
      "/Users/megroth/Turing/2mod/Projects/Relational_Rails/config/initializers/filter_parameter_logging.rb": {
        "lines": [
          null,
          null,
          null,
          null,
          null,
          1,
          null,
          null
        ]
      },
      "/Users/megroth/Turing/2mod/Projects/Relational_Rails/config/initializers/inflections.rb": {
        "lines": [
          null,
          null,
          null,
          null,
          null,
          null,
          null,
          null,
          null,
          null,
          null,
          null,
          null,
          null,
          null,
          null
        ]
      },
      "/Users/megroth/Turing/2mod/Projects/Relational_Rails/config/initializers/permissions_policy.rb": {
        "lines": [
          null,
          null,
          null,
          null,
          null,
          null,
          null,
          null,
          null,
          null,
          null
        ]
      },
      "/Users/megroth/Turing/2mod/Projects/Relational_Rails/config/routes.rb": {
        "lines": [
          1,
          null,
          null,
          null,
          null,
          null,
          1,
          1,
          1,
          1,
          1,
          1,
          1,
          null,
          1,
          1,
          null
        ]
      },
      "/Users/megroth/Turing/2mod/Projects/Relational_Rails/app/helpers/application_helper.rb": {
        "lines": [
          1,
          null
        ]
      },
      "/Users/megroth/Turing/2mod/Projects/Relational_Rails/spec/features/lifts/index_spec.rb": {
        "lines": [
          1,
          null,
          1,
          null,
          1,
          4,
          null,
          null,
          null,
          4,
          null,
          null,
          null,
          null,
          4,
          null,
          null,
          null,
          null,
          null,
          null,
          1,
          1,
          null,
          1,
          null,
          1,
          null,
          1,
          null,
          null,
          1,
          1,
          null,
          1,
          null,
          1,
          null,
          1,
          null,
          null,
          1,
          1,
          null,
          1,
          null,
          null,
          1,
          1,
          null,
          1,
          1,
          1,
          1,
          1,
          null,
          1,
          1,
          1,
          1,
          1,
          null,
          null,
          null
        ]
      },
      "/Users/megroth/Turing/2mod/Projects/Relational_Rails/spec/features/lifts/show_spec.rb": {
        "lines": [
          1
        ]
      },
      "/Users/megroth/Turing/2mod/Projects/Relational_Rails/spec/features/resorts/edit_spec.rb": {
        "lines": [
          1
        ]
      },
      "/Users/megroth/Turing/2mod/Projects/Relational_Rails/spec/features/resorts/index_spec.rb": {
        "lines": [
          1,
          null,
          1,
          null,
          1,
          4,
          null,
          null,
          null,
          4,
          null,
          null,
          null,
          null,
          null,
          1,
          1,
          null,
          1,
          null,
          1,
          null,
          1,
          null,
          null,
          1,
          1,
          null,
          1,
          null,
          1,
          null,
          1,
          null,
          null,
          1,
          1,
          null,
          1,
          null,
          null,
          1,
          1,
          null,
          1,
          1,
          null,
          1,
          1,
          null,
          null,
          null,
          null
        ]
      },
      "/Users/megroth/Turing/2mod/Projects/Relational_Rails/spec/features/resorts/lifts_spec.rb": {
        "lines": [
          1
        ]
      },
      "/Users/megroth/Turing/2mod/Projects/Relational_Rails/spec/features/resorts/new_spec.rb": {
        "lines": [
          1
        ]
      },
      "/Users/megroth/Turing/2mod/Projects/Relational_Rails/spec/features/resorts/show_spec.rb": {
        "lines": [
          1,
          null,
          1,
          null,
          1,
          4,
          null,
          null,
          null,
          null,
          null,
          1,
          1,
          null,
          1,
          null,
          1,
          null,
          1,
          null,
          null,
          1,
          1,
          null,
          1,
          null,
          1,
          null,
          1,
          null,
          null,
          1,
          1,
          null,
          1,
          null,
          null,
          1,
          1,
          null,
          1,
          1,
          1,
          1,
          1,
          null,
          null,
          null
        ]
      },
      "/Users/megroth/Turing/2mod/Projects/Relational_Rails/spec/models/lift_spec.rb": {
        "lines": [
          1,
          null,
          1,
          null,
          1,
          2,
          null,
          null,
          null
        ]
      },
      "/Users/megroth/Turing/2mod/Projects/Relational_Rails/app/models/lift.rb": {
        "lines": [
          1,
          1,
          null,
          null
        ]
      },
      "/Users/megroth/Turing/2mod/Projects/Relational_Rails/app/models/application_record.rb": {
        "lines": [
          1,
          1,
          null
        ]
      },
      "/Users/megroth/Turing/2mod/Projects/Relational_Rails/spec/models/resort_spec.rb": {
        "lines": [
          1,
          null,
          1,
          null,
          1,
          2,
          null,
          null,
          1,
          1,
          1,
          1,
          1,
          null,
          1,
          1,
          1,
          null,
          1,
          null,
          null,
          null,
          null
        ]
      },
      "/Users/megroth/Turing/2mod/Projects/Relational_Rails/app/models/resort.rb": {
        "lines": [
          1,
          1,
          null,
          1,
          5,
          null,
          null,
          null
        ]
      },
      "/Users/megroth/Turing/2mod/Projects/Relational_Rails/app/controllers/lifts_controller.rb": {
        "lines": [
          1,
          null,
          1,
          7,
          null,
          null,
          1,
          0,
          null,
          null,
          null
        ]
      },
      "/Users/megroth/Turing/2mod/Projects/Relational_Rails/app/controllers/application_controller.rb": {
        "lines": [
          1,
          null
        ]
      },
      "/Users/megroth/Turing/2mod/Projects/Relational_Rails/app/controllers/resorts_controller.rb": {
        "lines": [
          1,
          null,
          1,
          7,
          null,
          null,
          1,
          4,
          null,
          null,
          1,
          0,
          0,
          null,
          null,
          1,
          0,
          null,
          null,
          1,
          0,
          null,
          null,
          null,
          null,
          null,
          0,
          0,
          null,
          null,
          1,
          0,
          null,
          null,
          1,
          0,
          0,
          null,
          null,
          null,
          null,
          null,
          0,
          0,
          null,
          null,
          null
        ]
      }
    },
    "timestamp": 1701490018
  }
}
